<?xml version="1.0" encoding="UTF-8"?>
<!-- Generated by org.testng.reporters.JUnitReportReporter -->
<testsuite skipped="0" hostname="sfscomputer" name="sample.helloWorld" tests="2" failures="0" timestamp="14 六月 2021 07:48:08 GMT" time="0.008" errors="0">
  <testcase name="tester2" time="0.000" classname="sample.helloWorld"/>
  <testcase name="tester1" time="0.008" classname="sample.helloWorld"/>
</testsuite> <!-- sample.helloWorld -->
