<?xml version="1.0" encoding="UTF-8"?>
<!-- Generated by org.testng.reporters.JUnitReportReporter -->
<testsuite skipped="0" hostname="sfscomputer" name="com.testing.testNg.ParamCase" tests="1" failures="0" timestamp="14 六月 2021 09:03:48 GMT" time="0.006" errors="0">
  <testcase name="testAdd1" time="0.006" classname="com.testing.testNg.ParamCase"/>
</testsuite> <!-- com.testing.testNg.ParamCase -->
