<?xml version="1.0" encoding="UTF-8"?>
<!-- Generated by org.testng.reporters.JUnitReportReporter -->
<testsuite skipped="0" hostname="sfscomputer" name="com.jxq.douban.SearchTagsTest" tests="2" failures="0" timestamp="14 六月 2021 07:31:34 GMT" time="0.590" errors="0">
  <testcase name="testcase1" time="0.567" classname="com.jxq.douban.SearchTagsTest"/>
  <testcase name="testcase2" time="0.023" classname="com.jxq.douban.SearchTagsTest"/>
</testsuite> <!-- com.jxq.douban.SearchTagsTest -->
